[jonathanbernard222.wixsite.com/the-great-reog.html]
[static.parastorage.com/unpkg/core-js-bundle@3.2.1/minified.js]
[static.parastorage.com/unpkg/focus-within-polyfill@5.0.9/dist/focus-within-polyfill.js]
[polyfill-fastly.io/v3/polyfill.mind82c.js]
[jonathanbernard222.wixsite.com/s.4.delayed]
[jonathanbernard222.wixsite.com/t.5.delayed]
[backblue.gif]
[fade.gif]
[index.html]
[jonathanbernard222.wixsite.com/index.html]
[jonathanbernard222.wixsite.com/the-great-reog/about-5.html]
[jonathanbernard222.wixsite.com/the-great-reog/about-6.html]
[static.wixstatic.com/media/38eadc_9c2ce3783781489eb807c99c34c4707c_mv2.png/v1/fill/w_357,h_357,al_c,q_85,usm_0.66_1.00_0.01,enc_avif,quality_auto/113-SMA_TRINITAS_BANDUNG.png]
[static.wixstatic.com/media/d9aaad_02143b76117b4caeb9c177068c217108_mv2.jpg/v1/fill/w_123,h_174,al_c,q_80,usm_0.66_1.00_0.01,blur_2,enc_avif,quality_auto/d9aaad_02143b76117b4caeb9c177068c217108_mv2.jpg]
[static.wixstatic.com/media/d9aaad_588a025a7a21426982c8c5e62ff70a66_mv2.png/v1/fill/w_82,h_82,al_c,q_85,usm_0.66_1.00_0.01,blur_2,enc_avif,quality_auto/d9aaad_588a025a7a21426982c8c5e62ff70a66_mv2.png]
[static.parastorage.com/services/wix-thunderbolt/dist/8875.4f0e86e1.bundle.min.js]
[browser.sentry-cdn.com/6.18.2/bundle.min.js]
[jonathanbernard222.wixsite.com/sitemap.d.delayed]
[jonathanbernard222.wixsite.com/feed.e.delayed]
[static.parastorage.com/services/wix-thunderbolt/dist/thunderbolt-commons.569be6c3.bundle.min.js]
[static.parastorage.com/services/wix-thunderbolt/dist/main.b0d83c2c.bundle.min.js]
[static.parastorage.com/services/wix-thunderbolt/dist/main.renderer.a20626f8.bundle.min.js]
[static.parastorage.com/unpkg/lodash@4.17.21/lodash.min.js]
[static.parastorage.com/unpkg/react@18.3.1/umd/react.production.min.js]
[static.parastorage.com/unpkg/react-dom@18.3.1/umd/react-dom.production.min.js]
[static.parastorage.com/services/wix-thunderbolt/dist/browser-deprecation.bundle.es5.js]
[jonathanbernard222.wixsite.com/decodeURIComponent(e.16.delayed]
[static.parastorage.com/services/tag-manager-client/1.920.0/siteTags.bundle.min.js]
[jonathanbernard222.wixsite.com/the-great-reog.html]
[jonathanbernard222.wixsite.com/s.html]
[jonathanbernard222.wixsite.com/t.html]
[jonathanbernard222.wixsite.com/index.html]
[jonathanbernard222.wixsite.com/the-great-reog/s.18.delayed]
[jonathanbernard222.wixsite.com/the-great-reog/t.19.delayed]
[static.wixstatic.com/media/d9aaad_9b50cc59b0784a12b566578a7aedafcf_mv2.png/v1/fill/w_81,h_63,al_c,q_85,usm_0.66_1.00_0.01,blur_2,enc_avif,quality_auto/d9aaad_9b50cc59b0784a12b566578a7aedafcf_mv2.png]
[jonathanbernard222.wixsite.com/the-great-reog/robots.1b.delayed]
[jonathanbernard222.wixsite.com/the-great-reog/sitemap.xml]
[jonathanbernard222.wixsite.com/the-great-reog/feed.1d.delayed]
[jonathanbernard222.wixsite.com/the-great-reog/decodeURIComponent(e.1e.delayed]
[jonathanbernard222.wixsite.com/the-great-reog/about-5.html]
[static.wixstatic.com/media/d9aaad_02143b76117b4caeb9c177068c217108_mv2.jpg/v1/fill/w_396,h_563,al_c,q_80,usm_0.66_1.00_0.01,enc_avif,quality_auto/IMG-20250130-WA0003.jpg]
[jonathanbernard222.wixsite.com/the-great-reog/media/emptystate.85a4add5.20.delayed]
[static.wixstatic.com/media/38eadc_c3ecf5400b814206a3bc3890fb8d3157_mv2.jpg/v1/fit/w_316,h_464,q_90/38eadc_c3ecf5400b814206a3bc3890fb8d3157_mv2.jpg]
[static.wixstatic.com/media/38eadc_8012178a19c9450fbfbf8652a7836c06_mv2.jpg/v1/fit/w_339,h_464,q_90/38eadc_8012178a19c9450fbfbf8652a7836c06_mv2.jpg]
[static.wixstatic.com/media/38eadc_d7b1dd0b5cf3463f91ac40b25d2701b5_mv2.jpg/v1/fit/w_304,h_464,q_90/38eadc_d7b1dd0b5cf3463f91ac40b25d2701b5_mv2.jpg]
[jonathanbernard222.wixsite.com/the-great-reog/about-6.html]
[jonathanbernard222.wixsite.com/sitemap.html]
[jonathanbernard222.wixsite.com/feed.html]
[jonathanbernard222.wixsite.com/decodeURIComponent(e.html]
[jonathanbernard222.wixsite.com/the-great-reog/s.html]
[jonathanbernard222.wixsite.com/the-great-reog/t.html]
[jonathanbernard222.wixsite.com/the-great-reog/robots.html]
[jonathanbernard222.wixsite.com/the-great-reog/feed.html]
[jonathanbernard222.wixsite.com/the-great-reog/decodeURIComponent(e.html]
[jonathanbernard222.wixsite.com/the-great-reog/media/emptystate.85a4add5.html]
[static.parastorage.com/services/pro-gallery-tpa/1.1102.0/WixProGalleryViewerWidget.bundle.min.js]
